<?xml version="1.0" encoding="UTF-8"?>
<!-- Generated by org.testng.reporters.JUnitXMLReporter -->
<testsuite hostname="LAPTOP-468AMR1I" ignored="0" name="Default test" tests="10" failures="0" timestamp="2022-05-20T19:15:11 IST" time="55.43" errors="0">
  <testcase name="loginApp" time="4.962" classname="Hybrid.logincrm"/>
  <testcase name="signupapp" time="7.416" classname="Hybrid.logincrm"/>
  <testcase name="searchupapp" time="8.686" classname="Hybrid.logincrm"/>
  <testcase name="Bedapp" time="8.63" classname="Hybrid.logincrm"/>
  <testcase name="Bedappcart" time="3.986" classname="Hybrid.logincrm"/>
  <testcase name="assertions" time="3.477" classname="Hybrid.logincrm"/>
  <testcase name="tvappcart" time="2.895" classname="Hybrid.logincrm"/>
  <testcase name="studyapp" time="3.163" classname="Hybrid.logincrm"/>
  <testcase name="aboutapp" time="1.195" classname="Hybrid.logincrm"/>
  <testcase name="infoapp" time="0.595" classname="Hybrid.logincrm"/>
</testsuite> <!-- Default test -->
